[DEBUG] 2019-07-07 08:59:11 [main] ParagraphParserTest:37 - l
[DEBUG] 2019-07-07 08:59:11 [main] ParagraphParserTest:37 - l
[DEBUG] 2019-07-07 08:59:11 [main] ParagraphParserTest:37 - y
[DEBUG] 2019-07-07 08:59:11 [main] ParagraphParserTest:37 -  
[DEBUG] 2019-07-07 08:59:11 [main] ParagraphParserTest:37 - u
[DEBUG] 2019-07-07 08:59:11 [main] ParagraphParserTest:37 - n
[DEBUG] 2019-07-07 08:59:11 [main] ParagraphParserTest:37 - c
[DEBUG] 2019-07-07 08:59:11 [main] ParagraphParserTest:37 - h
[DEBUG] 2019-07-07 08:59:11 [main] ParagraphParserTest:37 - a
[DEBUG] 2019-07-07 08:59:11 [main] ParagraphParserTest:37 - n
[DEBUG] 2019-07-07 08:59:11 [main] ParagraphParserTest:37 - g
[DEBUG] 2019-07-07 08:59:11 [main] ParagraphParserTest:37 - e
[DEBUG] 2019-07-07 08:59:11 [main] ParagraphParserTest:37 - d
[DEBUG] 2019-07-07 08:59:11 [main] ParagraphParserTest:37 - .
[DEBUG] 2019-07-07 08:59:11 [main] ParagraphParserTest:37 - 
[DEBUG] 2019-07-07 08:59:11 [main] ParagraphParserTest:37 - 

[DEBUG] 2019-07-07 08:59:11 [main] ParagraphParserTest:37 - I
[DEBUG] 2019-07-07 08:59:11 [main] ParagraphParserTest:37 - t
[DEBUG] 2019-07-07 08:59:11 [main] ParagraphParserTest:37 -  
[DEBUG] 2019-07-07 08:59:11 [main] ParagraphParserTest:37 - w
[DEBUG] 2019-07-07 08:59:11 [main] ParagraphParserTest:37 - a
[DEBUG] 2019-07-07 08:59:11 [main] ParagraphParserTest:37 - s
[DEBUG] 2019-07-07 08:59:11 [main] ParagraphParserTest:37 -  
[DEBUG] 2019-07-07 08:59:11 [main] ParagraphParserTest:37 - p
[DEBUG] 2019-07-07 08:59:11 [main] ParagraphParserTest:37 - o
[DEBUG] 2019-07-07 08:59:11 [main] ParagraphParserTest:37 - p
[DEBUG] 2019-07-07 08:59:11 [main] ParagraphParserTest:37 - u
[DEBUG] 2019-07-07 08:59:11 [main] ParagraphParserTest:37 - l
[DEBUG] 2019-07-07 08:59:11 [main] ParagraphParserTest:37 - a
[DEBUG] 2019-07-07 08:59:11 [main] ParagraphParserTest:37 - r
[DEBUG] 2019-07-07 08:59:11 [main] ParagraphParserTest:37 - i
[DEBUG] 2019-07-07 08:59:11 [main] ParagraphParserTest:37 - s
[DEBUG] 2019-07-07 08:59:11 [main] ParagraphParserTest:37 - e
[DEBUG] 2019-07-07 08:59:11 [main] ParagraphParserTest:37 - d
[DEBUG] 2019-07-07 08:59:11 [main] ParagraphParserTest:37 -  
[DEBUG] 2019-07-07 08:59:11 [main] ParagraphParserTest:37 - i
[DEBUG] 2019-07-07 08:59:11 [main] ParagraphParserTest:37 - n
[DEBUG] 2019-07-07 08:59:11 [main] ParagraphParserTest:37 -  
[DEBUG] 2019-07-07 08:59:11 [main] ParagraphParserTest:37 - t
[DEBUG] 2019-07-07 08:59:11 [main] ParagraphParserTest:37 - h
[DEBUG] 2019-07-07 08:59:11 [main] ParagraphParserTest:37 - e
[DEBUG] 2019-07-07 08:59:11 [main] ParagraphParserTest:37 -  
[DEBUG] 2019-07-07 08:59:11 [main] ParagraphParserTest:37 - w
[DEBUG] 2019-07-07 08:59:11 [main] ParagraphParserTest:37 - i
[DEBUG] 2019-07-07 08:59:11 [main] ParagraphParserTest:37 - t
[DEBUG] 2019-07-07 08:59:11 [main] ParagraphParserTest:37 - h
[DEBUG] 2019-07-07 08:59:11 [main] ParagraphParserTest:37 -  
[DEBUG] 2019-07-07 08:59:11 [main] ParagraphParserTest:37 - t
[DEBUG] 2019-07-07 08:59:11 [main] ParagraphParserTest:37 - h
[DEBUG] 2019-07-07 08:59:11 [main] ParagraphParserTest:37 - e
[DEBUG] 2019-07-07 08:59:11 [main] ParagraphParserTest:37 -  
[DEBUG] 2019-07-07 08:59:11 [main] ParagraphParserTest:37 - r
[DEBUG] 2019-07-07 08:59:11 [main] ParagraphParserTest:37 - e
[DEBUG] 2019-07-07 08:59:11 [main] ParagraphParserTest:37 - l
[DEBUG] 2019-07-07 08:59:11 [main] ParagraphParserTest:37 - e
[DEBUG] 2019-07-07 08:59:11 [main] ParagraphParserTest:37 - a
[DEBUG] 2019-07-07 08:59:11 [main] ParagraphParserTest:37 - s
[DEBUG] 2019-07-07 08:59:11 [main] ParagraphParserTest:37 - e
[DEBUG] 2019-07-07 08:59:11 [main] ParagraphParserTest:37 -  
[DEBUG] 2019-07-07 08:59:11 [main] ParagraphParserTest:37 - o
[DEBUG] 2019-07-07 08:59:11 [main] ParagraphParserTest:37 - f
[DEBUG] 2019-07-07 08:59:11 [main] ParagraphParserTest:37 -  
[DEBUG] 2019-07-07 08:59:11 [main] ParagraphParserTest:37 - L
[DEBUG] 2019-07-07 08:59:11 [main] ParagraphParserTest:37 - e
[DEBUG] 2019-07-07 08:59:11 [main] ParagraphParserTest:37 - t
[DEBUG] 2019-07-07 08:59:11 [main] ParagraphParserTest:37 - r
[DEBUG] 2019-07-07 08:59:11 [main] ParagraphParserTest:37 - a
[DEBUG] 2019-07-07 08:59:11 [main] ParagraphParserTest:37 - s
[DEBUG] 2019-07-07 08:59:11 [main] ParagraphParserTest:37 - e
[DEBUG] 2019-07-07 08:59:11 [main] ParagraphParserTest:37 - t
[DEBUG] 2019-07-07 08:59:11 [main] ParagraphParserTest:37 -  
[DEBUG] 2019-07-07 08:59:11 [main] ParagraphParserTest:37 - s
[DEBUG] 2019-07-07 08:59:11 [main] ParagraphParserTest:37 - h
[DEBUG] 2019-07-07 08:59:11 [main] ParagraphParserTest:37 - e
[DEBUG] 2019-07-07 08:59:11 [main] ParagraphParserTest:37 - e
[DEBUG] 2019-07-07 08:59:11 [main] ParagraphParserTest:37 - t
[DEBUG] 2019-07-07 08:59:11 [main] ParagraphParserTest:37 - s
[DEBUG] 2019-07-07 08:59:11 [main] ParagraphParserTest:37 -  
[DEBUG] 2019-07-07 08:59:11 [main] ParagraphParserTest:37 - c
[DEBUG] 2019-07-07 08:59:11 [main] ParagraphParserTest:37 - o
[DEBUG] 2019-07-07 08:59:11 [main] ParagraphParserTest:37 - n
[DEBUG] 2019-07-07 08:59:11 [main] ParagraphParserTest:37 - t
[DEBUG] 2019-07-07 08:59:11 [main] ParagraphParserTest:37 - a
[DEBUG] 2019-07-07 08:59:11 [main] ParagraphParserTest:37 - i
[DEBUG] 2019-07-07 08:59:11 [main] ParagraphParserTest:37 - n
[DEBUG] 2019-07-07 08:59:11 [main] ParagraphParserTest:37 - i
[DEBUG] 2019-07-07 08:59:11 [main] ParagraphParserTest:37 - n
[DEBUG] 2019-07-07 08:59:11 [main] ParagraphParserTest:37 - g
[DEBUG] 2019-07-07 08:59:11 [main] ParagraphParserTest:37 -  
[DEBUG] 2019-07-07 08:59:11 [main] ParagraphParserTest:37 - L
[DEBUG] 2019-07-07 08:59:11 [main] ParagraphParserTest:37 - o
[DEBUG] 2019-07-07 08:59:11 [main] ParagraphParserTest:37 - r
[DEBUG] 2019-07-07 08:59:11 [main] ParagraphParserTest:37 - e
[DEBUG] 2019-07-07 08:59:11 [main] ParagraphParserTest:37 - m
[DEBUG] 2019-07-07 08:59:11 [main] ParagraphParserTest:37 -  
[DEBUG] 2019-07-07 08:59:11 [main] ParagraphParserTest:37 - I
[DEBUG] 2019-07-07 08:59:11 [main] ParagraphParserTest:37 - p
[DEBUG] 2019-07-07 08:59:11 [main] ParagraphParserTest:37 - s
[DEBUG] 2019-07-07 08:59:11 [main] ParagraphParserTest:37 - u
[DEBUG] 2019-07-07 08:59:11 [main] ParagraphParserTest:37 - m
[DEBUG] 2019-07-07 08:59:11 [main] ParagraphParserTest:37 -  
[DEBUG] 2019-07-07 08:59:11 [main] ParagraphParserTest:37 - p
[DEBUG] 2019-07-07 08:59:11 [main] ParagraphParserTest:37 - a
[DEBUG] 2019-07-07 08:59:11 [main] ParagraphParserTest:37 - s
[DEBUG] 2019-07-07 08:59:11 [main] ParagraphParserTest:37 - s
[DEBUG] 2019-07-07 08:59:11 [main] ParagraphParserTest:37 - a
[DEBUG] 2019-07-07 08:59:11 [main] ParagraphParserTest:37 - g
[DEBUG] 2019-07-07 08:59:11 [main] ParagraphParserTest:37 - e
[DEBUG] 2019-07-07 08:59:11 [main] ParagraphParserTest:37 - s
[DEBUG] 2019-07-07 08:59:11 [main] ParagraphParserTest:37 - ,
[DEBUG] 2019-07-07 08:59:11 [main] ParagraphParserTest:37 -  
[DEBUG] 2019-07-07 08:59:11 [main] ParagraphParserTest:37 - a
[DEBUG] 2019-07-07 08:59:11 [main] ParagraphParserTest:37 - n
[DEBUG] 2019-07-07 08:59:11 [main] ParagraphParserTest:37 - d
[DEBUG] 2019-07-07 08:59:11 [main] ParagraphParserTest:37 -  
[DEBUG] 2019-07-07 08:59:11 [main] ParagraphParserTest:37 - m
[DEBUG] 2019-07-07 08:59:11 [main] ParagraphParserTest:37 - o
[DEBUG] 2019-07-07 08:59:11 [main] ParagraphParserTest:37 - r
[DEBUG] 2019-07-07 08:59:11 [main] ParagraphParserTest:37 - e
[DEBUG] 2019-07-07 08:59:11 [main] ParagraphParserTest:37 -  
[DEBUG] 2019-07-07 08:59:11 [main] ParagraphParserTest:37 - r
[DEBUG] 2019-07-07 08:59:11 [main] ParagraphParserTest:37 - e
[DEBUG] 2019-07-07 08:59:11 [main] ParagraphParserTest:37 - c
[DEBUG] 2019-07-07 08:59:11 [main] ParagraphParserTest:37 - e
[DEBUG] 2019-07-07 08:59:11 [main] ParagraphParserTest:37 - n
[DEBUG] 2019-07-07 08:59:11 [main] ParagraphParserTest:37 - t
[DEBUG] 2019-07-07 08:59:11 [main] ParagraphParserTest:37 - l
[DEBUG] 2019-07-07 08:59:11 [main] ParagraphParserTest:37 - y
[DEBUG] 2019-07-07 08:59:11 [main] ParagraphParserTest:37 -  
[DEBUG] 2019-07-07 08:59:11 [main] ParagraphParserTest:37 - w
[DEBUG] 2019-07-07 08:59:11 [main] ParagraphParserTest:37 - i
[DEBUG] 2019-07-07 08:59:11 [main] ParagraphParserTest:37 - t
[DEBUG] 2019-07-07 08:59:11 [main] ParagraphParserTest:37 - h
[DEBUG] 2019-07-07 08:59:11 [main] ParagraphParserTest:37 -  
[DEBUG] 2019-07-07 08:59:11 [main] ParagraphParserTest:37 - d
[DEBUG] 2019-07-07 08:59:11 [main] ParagraphParserTest:37 - e
[DEBUG] 2019-07-07 08:59:11 [main] ParagraphParserTest:37 - s
[DEBUG] 2019-07-07 08:59:11 [main] ParagraphParserTest:37 - k
[DEBUG] 2019-07-07 08:59:11 [main] ParagraphParserTest:37 - t
[DEBUG] 2019-07-07 08:59:11 [main] ParagraphParserTest:37 - o
[DEBUG] 2019-07-07 08:59:11 [main] ParagraphParserTest:37 - p
[DEBUG] 2019-07-07 08:59:11 [main] ParagraphParserTest:37 -  
[DEBUG] 2019-07-07 08:59:11 [main] ParagraphParserTest:37 - p
[DEBUG] 2019-07-07 08:59:11 [main] ParagraphParserTest:37 - u
[DEBUG] 2019-07-07 08:59:11 [main] ParagraphParserTest:37 - b
[DEBUG] 2019-07-07 08:59:11 [main] ParagraphParserTest:37 - l
[DEBUG] 2019-07-07 08:59:11 [main] ParagraphParserTest:37 - i
[DEBUG] 2019-07-07 08:59:11 [main] ParagraphParserTest:37 - s
[DEBUG] 2019-07-07 08:59:11 [main] ParagraphParserTest:37 - h
[DEBUG] 2019-07-07 08:59:11 [main] ParagraphParserTest:37 - i
[DEBUG] 2019-07-07 08:59:11 [main] ParagraphParserTest:37 - n
[DEBUG] 2019-07-07 08:59:11 [main] ParagraphParserTest:37 - g
[DEBUG] 2019-07-07 08:59:11 [main] ParagraphParserTest:37 -  
[DEBUG] 2019-07-07 08:59:11 [main] ParagraphParserTest:37 - s
[DEBUG] 2019-07-07 08:59:11 [main] ParagraphParserTest:37 - o
[DEBUG] 2019-07-07 08:59:11 [main] ParagraphParserTest:37 - f
[DEBUG] 2019-07-07 08:59:11 [main] ParagraphParserTest:37 - t
[DEBUG] 2019-07-07 08:59:11 [main] ParagraphParserTest:37 - w
[DEBUG] 2019-07-07 08:59:11 [main] ParagraphParserTest:37 - a
[DEBUG] 2019-07-07 08:59:11 [main] ParagraphParserTest:37 - r
[DEBUG] 2019-07-07 08:59:11 [main] ParagraphParserTest:37 - e
[DEBUG] 2019-07-07 08:59:11 [main] ParagraphParserTest:37 -  
[DEBUG] 2019-07-07 08:59:11 [main] ParagraphParserTest:37 - l
[DEBUG] 2019-07-07 08:59:11 [main] ParagraphParserTest:37 - i
[DEBUG] 2019-07-07 08:59:11 [main] ParagraphParserTest:37 - k
[DEBUG] 2019-07-07 08:59:11 [main] ParagraphParserTest:37 - e
[DEBUG] 2019-07-07 08:59:11 [main] ParagraphParserTest:37 -  
[DEBUG] 2019-07-07 08:59:11 [main] ParagraphParserTest:37 - A
[DEBUG] 2019-07-07 08:59:11 [main] ParagraphParserTest:37 - l
[DEBUG] 2019-07-07 08:59:11 [main] ParagraphParserTest:37 - d
[DEBUG] 2019-07-07 08:59:11 [main] ParagraphParserTest:37 - u
[DEBUG] 2019-07-07 08:59:11 [main] ParagraphParserTest:37 - s
[DEBUG] 2019-07-07 08:59:11 [main] ParagraphParserTest:37 -  
[DEBUG] 2019-07-07 08:59:11 [main] ParagraphParserTest:37 - P
[DEBUG] 2019-07-07 08:59:11 [main] ParagraphParserTest:37 - a
[DEBUG] 2019-07-07 08:59:11 [main] ParagraphParserTest:37 - g
[DEBUG] 2019-07-07 08:59:11 [main] ParagraphParserTest:37 - e
[DEBUG] 2019-07-07 08:59:11 [main] ParagraphParserTest:37 - M
[DEBUG] 2019-07-07 08:59:11 [main] ParagraphParserTest:37 - a
[DEBUG] 2019-07-07 08:59:11 [main] ParagraphParserTest:37 - k
[DEBUG] 2019-07-07 08:59:11 [main] ParagraphParserTest:37 - e
[DEBUG] 2019-07-07 08:59:11 [main] ParagraphParserTest:37 - r
[DEBUG] 2019-07-07 08:59:11 [main] ParagraphParserTest:37 -  
[DEBUG] 2019-07-07 08:59:11 [main] ParagraphParserTest:37 - i
[DEBUG] 2019-07-07 08:59:11 [main] ParagraphParserTest:37 - n
[DEBUG] 2019-07-07 08:59:11 [main] ParagraphParserTest:37 - c
[DEBUG] 2019-07-07 08:59:11 [main] ParagraphParserTest:37 - l
[DEBUG] 2019-07-07 08:59:11 [main] ParagraphParserTest:37 - u
[DEBUG] 2019-07-07 08:59:11 [main] ParagraphParserTest:37 - d
[DEBUG] 2019-07-07 08:59:11 [main] ParagraphParserTest:37 - i
[DEBUG] 2019-07-07 08:59:11 [main] ParagraphParserTest:37 - n
[DEBUG] 2019-07-07 08:59:11 [main] ParagraphParserTest:37 - g
[DEBUG] 2019-07-07 08:59:11 [main] ParagraphParserTest:37 -  
[DEBUG] 2019-07-07 08:59:11 [main] ParagraphParserTest:37 - v
[DEBUG] 2019-07-07 08:59:11 [main] ParagraphParserTest:37 - e
[DEBUG] 2019-07-07 08:59:11 [main] ParagraphParserTest:37 - r
